     1                                          BOOT_LOAD       equ     0x7c00
     2                                  
     3                                          ORG     BOOT_LOAD
     4                                  ;マクロ
     5                                  
     6                                  %include    "../include/macro.s"
     1                              <1> %macro  cdecl 1-*.nolist
     2                              <1> 
     3                              <1>     %rep  %0 - 1
     4                              <1>         push    %{-1:-1}
     5                              <1>         %rotate -1
     6                              <1>     %endrep
     7                              <1>     %rotate -1
     8                              <1> 
     9                              <1>         call    %1
    10                              <1> 
    11                              <1>     %if 1 < %0
    12                              <1>         add     sp, (__BITS__ >> 3) * (%0 - 1)
    13                              <1>     %endif
    14                              <1> 
    15                              <1> %endmacro
     7                                  
     8                                  ;エントリポイント
     9                                  
    10                                  entry:
    11 00000000 EB58                            jmp     ipl
    12                                  
    13                                          ; BIOS Parameter Block
    14                                  
    15 00000002 90<rept>                        times 90 - ($ - $$) db 0x90
    16                                  
    17                                          ; Initial Program Loader
    18                                  
    19                                  ipl:
    20                                  
    21 0000005A FA                              cli                                 ;割り込みの禁止
    22                                  
    23 0000005B B80000                          mov     ax, 0x0000
    24 0000005E 8ED8                            mov     ds, ax
    25 00000060 8EC0                            mov     es, ax
    26 00000062 8ED0                            mov     ss, ax
    27 00000064 BC007C                          mov     sp, BOOT_LOAD
    28                                  
    29 00000067 FB                              sti                                 ;割り込みの許可
    30                                  
    31 00000068 8816[8400]                      mov     [BOOT.DRIVE], dl            ;ブートドライブを保存
    32                                  
    33                                          ;文字列の表示
    34                                  
    35 0000006C 68[7700]E8140083C4-             cdecl   puts, .s0                   ;puts(.s0)
    35 00000074 02                 
    36                                  
    37                                          ; 処理の終了
    38                                  
    39 00000075 EBFE                            jmp     $
    40                                  
    41 00000077 426F6F74696E672E2E-     .s0     db      "Booting...", 0x0A, 0x0D, 0
    41 00000080 2E0A0D00           
    42                                  
    43                                  ALIGN 2, db 0
    44                                  BOOT:                                       ;ブートドライブに関する情報
    45 00000084 0000                    .DRIVE:         dw  0                       ;ドライブ番号
    46                                  
    47                                  ;モジュール
    48                                  
    49                                  %include    "../modules/real/puts.s"
     1                              <1> puts:
     2                              <1> 
     3                              <1>         ;スタックフレームの構築
     4                              <1> 
     5 00000086 55                  <1>         push    bp
     6 00000087 89E5                <1>         mov     bp, sp                                  ;  +4 | 文字列へのアドレス
     7                              <1>                                                         ;  +2 | Instruction Pointer
     8                              <1>                                                         ;BP+0 | BP
     9                              <1> 
    10                              <1>         ;レジスタを保存
    11                              <1> 
    12 00000089 50                  <1>         push    ax
    13 0000008A 53                  <1>         push    bx
    14 0000008B 56                  <1>         push    si
    15                              <1> 
    16                              <1>         ;引数の取得
    17                              <1> 
    18 0000008C 8B7604              <1>         mov     si, [bp + 4]                            ;Source Index == 文字列へのアドレス
    19                              <1> 
    20                              <1>         ;処理
    21                              <1> 
    22 0000008F B40E                <1>         mov     ah, 0x0E
    23 00000091 BB0000              <1>         mov     bx, 0x0000
    24 00000094 FC                  <1>         cld
    25                              <1> 
    26                              <1> .10L:                                                   ;do{
    27                              <1>                                                         ;   AL = *SI++
    28 00000095 AC                  <1>         lodsb                                           ;
    29                              <1>                                                         ;   if (0 == AL)
    30 00000096 3C00                <1>         cmp     al, 0                                   ;       break;
    31 00000098 7404                <1>         je      .10E                                    ;
    32                              <1>                                                         ;   Int10(0x0E, AL); //文字出力
    33 0000009A CD10                <1>         int     0x10                                    ;} while(1);
    34 0000009C EBF7                <1>         jmp     .10L
    35                              <1> 
    36                              <1> .10E:
    37                              <1> 
    38                              <1>         ;レジスタの復帰
    39                              <1> 
    40 0000009E 5E                  <1>         pop     si
    41 0000009F 5B                  <1>         pop     bx
    42 000000A0 58                  <1>         pop     ax
    43                              <1> 
    44                              <1>         ;スタックフレームの破棄
    45                              <1> 
    46 000000A1 89EC                <1>         mov     sp, bp
    47 000000A3 5D                  <1>         pop     bp
    48                              <1> 
    49 000000A4 C3                  <1>         ret
    50                                  
    51                                  ;ブートフラグ(512biteの終了)
    52                                  
    53 000000A5 00<rept>                        times   510 - ($ - $$) db 0x00
    54 000001FE 55AA                            db 0x55, 0xAA
