     1                                          BOOT_LOAD       equ     0x7c00
     2                                  
     3                                          ORG     BOOT_LOAD
     4                                  
     5                                  ;エントリポイント
     6                                  
     7                                  entry:
     8 00000000 EB58                            jmp     ipl
     9                                  
    10                                          ; BIOS Parameter Block
    11                                  
    12 00000002 90<rept>                        times 90 - ($ - $$) db 0x90
    13                                  
    14                                          ; Initial Program Loader
    15                                  
    16                                  ipl:
    17                                  
    18 0000005A FA                              cli                                 ;割り込みの禁止
    19                                  
    20 0000005B B80000                          mov     ax, 0x0000
    21 0000005E 8ED8                            mov     ds, ax
    22 00000060 8EC0                            mov     es, ax
    23 00000062 8ED0                            mov     ss, ax
    24 00000064 BC007C                          mov     sp, BOOT_LOAD
    25                                  
    26 00000067 FB                              sti                                 ;割り込みの許可
    27                                  
    28 00000068 8816[7800]                      mov     [BOOT.DRIVE], dl            ;ブートドライブを保存
    29                                  
    30 0000006C B041                            mov     al, 'A'
    31 0000006E B40E                            mov     ah, 0x0E
    32 00000070 BB0000                          mov     bx, 0x0000
    33 00000073 CD10                            int     0x10
    34                                  
    35                                          ; 処理の終了
    36                                  
    37 00000075 EBFE                            jmp     $
    38                                  
    39 00000077 00                      ALIGN 2, db 0
    40                                  BOOT:                                       ;ブートドライブに関する情報
    41 00000078 0000                    .DRIVE:         dw  0                       ;ドライブ番号
    42                                  
    43                                  ;ブートフラグ(512biteの終了)
    44                                  
    45 0000007A 00<rept>                        times   510 - ($ - $$) db 0x00
    46 000001FE 55AA                            db 0x55, 0xAA
